<?xml version="1.0" encoding="UTF-8"?>
<!-- Generated by org.testng.reporters.JUnitReportReporter -->
<testsuite skipped="0" hostname="VXBLRWKS03" name="com.qa.tests.LoginTest2" tests="1" failures="0" timestamp="2023-04-20T12:12:35 IST" time="13.049" errors="0">
  <testcase name="Login2" time="13.049" classname="com.qa.tests.LoginTest2"/>
  <system-out/>
</testsuite> <!-- com.qa.tests.LoginTest2 -->
