<?xml version="1.0" encoding="UTF-8"?>
<!-- Generated by org.testng.reporters.JUnitReportReporter -->
<testsuite skipped="0" hostname="VXBLRWKS03" name="com.qa.tests.WhiteSpaceTests" tests="3" failures="0" timestamp="2023-04-20T12:12:35 IST" time="12.617" errors="0">
  <testcase name="WhitespaceStep1" time="6.217" classname="com.qa.tests.WhiteSpaceTests"/>
  <system-out/>
  <testcase name="WhitespaceStep2" time="6.395" classname="com.qa.tests.WhiteSpaceTests"/>
  <system-out/>
  <testcase name="WhitespaceStep3" time="0.005" classname="com.qa.tests.WhiteSpaceTests"/>
  <system-out/>
</testsuite> <!-- com.qa.tests.WhiteSpaceTests -->
