<?xml version="1.0" encoding="UTF-8"?>
<!-- Generated by org.testng.reporters.JUnitReportReporter -->
<testsuite skipped="6" hostname="VXBLRWKS03" name="com.qa.tests.LoginTests" tests="8" failures="0" timestamp="2023-04-18T15:27:45 IST" time="20.530" errors="0">
  <testcase name="invalidusername" time="10.141" classname="com.qa.tests.LoginTests"/>
  <system-out/>
  <testcase name="validusername" time="10.389" classname="com.qa.tests.LoginTests"/>
  <system-out/>
  <testcase name="validoutletCode" classname="com.qa.tests.LoginTests">
    <skipped/>
  </testcase> <!-- validoutletCode -->
  <system-out/>
  <testcase name="invalidoutletcode" classname="com.qa.tests.LoginTests">
    <skipped/>
  </testcase> <!-- invalidoutletcode -->
  <system-out/>
  <testcase name="selectprovider" classname="com.qa.tests.LoginTests">
    <skipped/>
  </testcase> <!-- selectprovider -->
  <system-out/>
  <testcase name="explore1" classname="com.qa.tests.LoginTests">
    <skipped/>
  </testcase> <!-- explore1 -->
  <system-out/>
  <testcase name="avoid" classname="com.qa.tests.LoginTests">
    <skipped/>
  </testcase> <!-- avoid -->
  <system-out/>
  <testcase name="forgotPassword" classname="com.qa.tests.LoginTests">
    <skipped/>
  </testcase> <!-- forgotPassword -->
  <system-out/>
</testsuite> <!-- com.qa.tests.LoginTests -->
